  Determinando los proyectos que se van a restaurar...
  Todos los proyectos est├ín actualizados para la restauraci├│n.
  BloquesConstruccion.Dominio -> C:\Users\sofia\source\repos\Sistema-de-Eventos2\Eventos\backend\src\Shared\BloquesConstruccion\Dominio\bin\Debug\net8.0\BloquesConstruccion.Dominio.dll
  BloquesConstruccion.Aplicacion -> C:\Users\sofia\source\repos\Sistema-de-Eventos2\Eventos\backend\src\Shared\BloquesConstruccion\Aplicacion\bin\Debug\net8.0\BloquesConstruccion.Aplicacion.dll
  Eventos.Dominio -> C:\Users\sofia\source\repos\Sistema-de-Eventos2\Eventos\backend\src\Services\Eventos\Eventos.Dominio\bin\Debug\net8.0\Eventos.Dominio.dll
  Eventos.Aplicacion -> C:\Users\sofia\source\repos\Sistema-de-Eventos2\Eventos\backend\src\Services\Eventos\Eventos.Aplicacion\bin\Debug\net8.0\Eventos.Aplicacion.dll
  Eventos.Infraestructura -> C:\Users\sofia\source\repos\Sistema-de-Eventos2\Eventos\backend\src\Services\Eventos\Eventos.Infraestructura\bin\Debug\net8.0\Eventos.Infraestructura.dll
C:\Users\sofia\source\repos\Sistema-de-Eventos2\Eventos\backend\src\Services\Eventos\Eventos.Pruebas\Dominio\Entidades\EventoTests.cs(51,101): error CS1513: Se esperaba } [C:\Users\sofia\source\repos\Sistema-de-Eventos2\Eventos\backend\src\Services\Eventos\Eventos.Pruebas\Eventos.Pruebas.csproj]
C:\Users\sofia\source\repos\Sistema-de-Eventos2\Eventos\backend\src\Services\Eventos\Eventos.Pruebas\Dominio\Entidades\EventoTests.cs(549,13): error CS1519: Invalid token '(' in a member declaration [C:\Users\sofia\source\repos\Sistema-de-Eventos2\Eventos\backend\src\Services\Eventos\Eventos.Pruebas\Eventos.Pruebas.csproj]
C:\Users\sofia\source\repos\Sistema-de-Eventos2\Eventos\backend\src\Services\Eventos\Eventos.Pruebas\Dominio\Entidades\EventoTests.cs(549,14): error CS8124: Una tupla debe contener al menos dos elementos. [C:\Users\sofia\source\repos\Sistema-de-Eventos2\Eventos\backend\src\Services\Eventos\Eventos.Pruebas\Eventos.Pruebas.csproj]
C:\Users\sofia\source\repos\Sistema-de-Eventos2\Eventos\backend\src\Services\Eventos\Eventos.Pruebas\Dominio\Entidades\EventoTests.cs(549,15): error CS1519: Invalid token ';' in a member declaration [C:\Users\sofia\source\repos\Sistema-de-Eventos2\Eventos\backend\src\Services\Eventos\Eventos.Pruebas\Eventos.Pruebas.csproj]
C:\Users\sofia\source\repos\Sistema-de-Eventos2\Eventos\backend\src\Services\Eventos\Eventos.Pruebas\Dominio\Entidades\EventoTests.cs(551,12): error CS1519: Invalid token '(' in a member declaration [C:\Users\sofia\source\repos\Sistema-de-Eventos2\Eventos\backend\src\Services\Eventos\Eventos.Pruebas\Eventos.Pruebas.csproj]
C:\Users\sofia\source\repos\Sistema-de-Eventos2\Eventos\backend\src\Services\Eventos\Eventos.Pruebas\Dominio\Entidades\EventoTests.cs(551,13): error CS8124: Una tupla debe contener al menos dos elementos. [C:\Users\sofia\source\repos\Sistema-de-Eventos2\Eventos\backend\src\Services\Eventos\Eventos.Pruebas\Eventos.Pruebas.csproj]
C:\Users\sofia\source\repos\Sistema-de-Eventos2\Eventos\backend\src\Services\Eventos\Eventos.Pruebas\Dominio\Entidades\EventoTests.cs(551,14): error CS1519: Invalid token '.' in a member declaration [C:\Users\sofia\source\repos\Sistema-de-Eventos2\Eventos\backend\src\Services\Eventos\Eventos.Pruebas\Eventos.Pruebas.csproj]
C:\Users\sofia\source\repos\Sistema-de-Eventos2\Eventos\backend\src\Services\Eventos\Eventos.Pruebas\Dominio\Entidades\EventoTests.cs(551,47): error CS1519: Invalid token '(' in a member declaration [C:\Users\sofia\source\repos\Sistema-de-Eventos2\Eventos\backend\src\Services\Eventos\Eventos.Pruebas\Eventos.Pruebas.csproj]
C:\Users\sofia\source\repos\Sistema-de-Eventos2\Eventos\backend\src\Services\Eventos\Eventos.Pruebas\Dominio\Entidades\EventoTests.cs(551,48): error CS8124: Una tupla debe contener al menos dos elementos. [C:\Users\sofia\source\repos\Sistema-de-Eventos2\Eventos\backend\src\Services\Eventos\Eventos.Pruebas\Eventos.Pruebas.csproj]
C:\Users\sofia\source\repos\Sistema-de-Eventos2\Eventos\backend\src\Services\Eventos\Eventos.Pruebas\Dominio\Entidades\EventoTests.cs(551,49): error CS1519: Invalid token '.' in a member declaration [C:\Users\sofia\source\repos\Sistema-de-Eventos2\Eventos\backend\src\Services\Eventos\Eventos.Pruebas\Eventos.Pruebas.csproj]
C:\Users\sofia\source\repos\Sistema-de-Eventos2\Eventos\backend\src\Services\Eventos\Eventos.Pruebas\Dominio\Entidades\EventoTests.cs(551,62): error CS1001: Se esperaba un identificador [C:\Users\sofia\source\repos\Sistema-de-Eventos2\Eventos\backend\src\Services\Eventos\Eventos.Pruebas\Eventos.Pruebas.csproj]
C:\Users\sofia\source\repos\Sistema-de-Eventos2\Eventos\backend\src\Services\Eventos\Eventos.Pruebas\Dominio\Entidades\EventoTests.cs(553,1): error CS1022: Se esperaba una definici├│n de tipo o espacio de nombres, o el fin del archivo [C:\Users\sofia\source\repos\Sistema-de-Eventos2\Eventos\backend\src\Services\Eventos\Eventos.Pruebas\Eventos.Pruebas.csproj]

Hay actualizaciones de carga de trabajo disponibles. Ejecute "dotnet workload list" para obtener m├ís informaci├│n.
